<?xml version="1.0" encoding="UTF-8"?>
<testsuite xmlns:xsi="http://www.w3.org/2001/XMLSchema-instance" xsi:noNamespaceSchemaLocation="https://maven.apache.org/surefire/maven-surefire-plugin/xsd/surefire-test-report.xsd" version="3.0.2" name="org.example.CatalogoDiagnosticosTest" time="0.015" tests="14" errors="0" skipped="0" failures="0">
  <properties>
[...]
</properties>
  <testcase name="testAgregarCapituloValidoRetornaTrue" classname="org.example.CatalogoDiagnosticosTest" time="0.003"/>
  <testcase name="testAgregarCapituloNuloRetornaFalse" classname="org.example.CatalogoDiagnosticosTest" time="0.0"/>
  <testcase name="testAgregarGrupoDentroDeRangoRetornaTrue" classname="org.example.CatalogoDiagnosticosTest" time="0.0"/>
  <testcase name="testAgregarGrupoFueraDeRangoRetornaFalse" classname="org.example.CatalogoDiagnosticosTest" time="0.0"/>
  <testcase name="testAgregarGrupoConPadreNuloRetornaFalse" classname="org.example.CatalogoDiagnosticosTest" time="0.0"/>
  <testcase name="testAgregarCodigoDentroDeRangoRetornaTrue" classname="org.example.CatalogoDiagnosticosTest" time="0.0"/>
  <testcase name="testAgregarCodigoFueraDeRangoRetornaFalse" classname="org.example.CatalogoDiagnosticosTest" time="0.0"/>
  <testcase name="testAgregarCodigoConPadreNuloRetornaFalse" classname="org.example.CatalogoDiagnosticosTest" time="0.0"/>
  <testcase name="testBuscarCodigoExistenteLoEncuentra" classname="org.example.CatalogoDiagnosticosTest" time="0.0"/>
  <testcase name="testBuscarCodigoInexistenteRetornaNull" classname="org.example.CatalogoDiagnosticosTest" time="0.0"/>
  <testcase name="testBuscarCodigoConIdNuloRetornaNull" classname="org.example.CatalogoDiagnosticosTest" time="0.0"/>
  <testcase name="testBuscarCodigoEnCatalogoVacioRetornaNull" classname="org.example.CatalogoDiagnosticosTest" time="0.0"/>
  <testcase name="testAgregarGrupoSinCapitulosCargadosRetornaFalse" classname="org.example.CatalogoDiagnosticosTest" time="0.0"/>
  <testcase name="testAgregarGrupoNuloRetornaFalse" classname="org.example.CatalogoDiagnosticosTest" time="0.0"/>
</testsuite>